[09 March 2024 14:27:34] - Main - INFO - ********************************************* START *********************************************
[09 March 2024 14:27:34] - Main - ERROR - 'TokpedScrapper' object has no attribute 'driver'
Traceback (most recent call last):
  File "C:\Users\ASUS\Documents\Data Science\Project\Web Scraping\tokped-scrapper\main.py", line 60, in main
    video_post_links = scrapper.get_post_link(scrape_url)
  File "C:\Users\ASUS\Documents\Data Science\Project\Web Scraping\tokped-scrapper\src\scrapper.py", line 71, in get_post_link
    self.driver.get(url)
AttributeError: 'TokpedScrapper' object has no attribute 'driver'
[09 March 2024 14:27:34] - Main - INFO - Exited after 0:00:00.002001 with status 1
[09 March 2024 14:27:34] - Main - INFO - ********************************************* FINISH *********************************************
[09 March 2024 14:31:01] - Main - INFO - ********************************************* START *********************************************
[09 March 2024 14:31:01] - src.scrapper - INFO - Create new firefox session
[09 March 2024 14:31:07] - src.scrapper - INFO - Get video post link from 'https://www.tokopedia.com/samsung/product?sort=11'
[09 March 2024 14:31:07] - Main - ERROR - Message: Malformed URL: URL constructor: 'https://www.tokopedia.com/samsung/product?sort=11' is not a valid URL.
Stacktrace:
RemoteError@chrome://remote/content/shared/RemoteError.sys.mjs:8:8
WebDriverError@chrome://remote/content/shared/webdriver/Errors.sys.mjs:191:5
InvalidArgumentError@chrome://remote/content/shared/webdriver/Errors.sys.mjs:382:5
GeckoDriver.prototype.navigateTo@chrome://remote/content/marionette/driver.sys.mjs:825:11
Traceback (most recent call last):
  File "C:\Users\ASUS\Documents\Data Science\Project\Web Scraping\tokped-scrapper\main.py", line 61, in main
    video_post_links = scrapper.get_post_link(scrape_url)
  File "C:\Users\ASUS\Documents\Data Science\Project\Web Scraping\tokped-scrapper\src\scrapper.py", line 77, in get_post_link
    self.driver.get(url)
  File "C:\Users\ASUS\anaconda3\envs\tokped-scrapper\lib\site-packages\selenium\webdriver\remote\webdriver.py", line 356, in get
    self.execute(Command.GET, {"url": url})
  File "C:\Users\ASUS\anaconda3\envs\tokped-scrapper\lib\site-packages\selenium\webdriver\remote\webdriver.py", line 347, in execute
    self.error_handler.check_response(response)
  File "C:\Users\ASUS\anaconda3\envs\tokped-scrapper\lib\site-packages\selenium\webdriver\remote\errorhandler.py", line 229, in check_response
    raise exception_class(message, screen, stacktrace)
selenium.common.exceptions.InvalidArgumentException: Message: Malformed URL: URL constructor: 'https://www.tokopedia.com/samsung/product?sort=11' is not a valid URL.
Stacktrace:
RemoteError@chrome://remote/content/shared/RemoteError.sys.mjs:8:8
WebDriverError@chrome://remote/content/shared/webdriver/Errors.sys.mjs:191:5
InvalidArgumentError@chrome://remote/content/shared/webdriver/Errors.sys.mjs:382:5
GeckoDriver.prototype.navigateTo@chrome://remote/content/marionette/driver.sys.mjs:825:11

[09 March 2024 14:31:07] - Main - INFO - Exited after 0:00:05.741894 with status 1
[09 March 2024 14:31:07] - Main - INFO - ********************************************* FINISH *********************************************
[09 March 2024 14:31:17] - Main - INFO - ********************************************* START *********************************************
[09 March 2024 14:31:17] - src.scrapper - INFO - Create new firefox session
[09 March 2024 14:31:21] - src.scrapper - INFO - Get video post link from https://www.tokopedia.com/samsung/product?sort=11
[09 March 2024 14:31:27] - src.scrapper - INFO - Scroll page 10 times
[09 March 2024 14:31:35] - src.scrapper - INFO - Get data metadata from https://www.tokopedia.com/samsung/samsung-galaxy-buds2-onyx?extParam=src%3Dshop%26whid%3D11442364
[09 March 2024 14:31:39] - src.scrapper - INFO - Scroll page 10 times
[09 March 2024 14:32:04] - Main - ERROR - If using all scalar values, you must pass an index
[09 March 2024 14:32:04] - src.scrapper - INFO - Get data metadata from https://www.tokopedia.com/samsung/samsung-galaxy-a24-lte-8-128gb-silver-19010?extParam=src%3Dshop%26whid%3D11442364
[09 March 2024 14:32:24] - Main - ERROR - 
Traceback (most recent call last):
  File "C:\Users\ASUS\anaconda3\envs\tokped-scrapper\lib\socket.py", line 704, in readinto
    return self._sock.recv_into(b)
ConnectionResetError: [WinError 10054] An existing connection was forcibly closed by the remote host

During handling of the above exception, another exception occurred:

Traceback (most recent call last):
  File "C:\Users\ASUS\Documents\Data Science\Project\Web Scraping\tokped-scrapper\main.py", line 71, in main
    data_metadata = pd.DataFrame(scrapper.get_data_metadata(link))
  File "C:\Users\ASUS\Documents\Data Science\Project\Web Scraping\tokped-scrapper\src\scrapper.py", line 98, in get_data_metadata
    self.driver.get(post_url)
  File "C:\Users\ASUS\anaconda3\envs\tokped-scrapper\lib\site-packages\selenium\webdriver\remote\webdriver.py", line 356, in get
    self.execute(Command.GET, {"url": url})
  File "C:\Users\ASUS\anaconda3\envs\tokped-scrapper\lib\site-packages\selenium\webdriver\remote\webdriver.py", line 345, in execute
    response = self.command_executor.execute(driver_command, params)
  File "C:\Users\ASUS\anaconda3\envs\tokped-scrapper\lib\site-packages\selenium\webdriver\remote\remote_connection.py", line 302, in execute
    return self._request(command_info[0], url, body=data)
  File "C:\Users\ASUS\anaconda3\envs\tokped-scrapper\lib\site-packages\selenium\webdriver\remote\remote_connection.py", line 322, in _request
    response = self._conn.request(method, url, body=body, headers=headers)
  File "C:\Users\ASUS\anaconda3\envs\tokped-scrapper\lib\site-packages\urllib3\_request_methods.py", line 144, in request
    return self.request_encode_body(
  File "C:\Users\ASUS\anaconda3\envs\tokped-scrapper\lib\site-packages\urllib3\_request_methods.py", line 279, in request_encode_body
    return self.urlopen(method, url, **extra_kw)
  File "C:\Users\ASUS\anaconda3\envs\tokped-scrapper\lib\site-packages\urllib3\poolmanager.py", line 444, in urlopen
    response = conn.urlopen(method, u.request_uri, **kw)
  File "C:\Users\ASUS\anaconda3\envs\tokped-scrapper\lib\site-packages\urllib3\connectionpool.py", line 793, in urlopen
    response = self._make_request(
  File "C:\Users\ASUS\anaconda3\envs\tokped-scrapper\lib\site-packages\urllib3\connectionpool.py", line 537, in _make_request
    response = conn.getresponse()
  File "C:\Users\ASUS\anaconda3\envs\tokped-scrapper\lib\site-packages\urllib3\connection.py", line 466, in getresponse
    httplib_response = super().getresponse()
  File "C:\Users\ASUS\anaconda3\envs\tokped-scrapper\lib\http\client.py", line 1377, in getresponse
    response.begin()
  File "C:\Users\ASUS\anaconda3\envs\tokped-scrapper\lib\http\client.py", line 320, in begin
    version, status, reason = self._read_status()
  File "C:\Users\ASUS\anaconda3\envs\tokped-scrapper\lib\http\client.py", line 281, in _read_status
    line = str(self.fp.readline(_MAXLINE + 1), "iso-8859-1")
  File "C:\Users\ASUS\anaconda3\envs\tokped-scrapper\lib\socket.py", line 704, in readinto
    return self._sock.recv_into(b)
KeyboardInterrupt
[09 March 2024 14:32:24] - Main - INFO - Exited after 0:01:07.876183 with status 1
[09 March 2024 14:32:24] - Main - INFO - ********************************************* FINISH *********************************************
[09 March 2024 14:32:53] - Main - INFO - ********************************************* START *********************************************
[09 March 2024 14:32:53] - src.scrapper - INFO - Create new firefox session
[09 March 2024 14:32:58] - src.scrapper - INFO - Get video post link from https://www.tokopedia.com/samsung/product?sort=11
[09 March 2024 14:33:03] - src.scrapper - INFO - Scroll page 10 times
[09 March 2024 14:33:12] - src.scrapper - INFO - Get data metadata from https://www.tokopedia.com/samsung/samsung-galaxy-buds2-onyx?extParam=src%3Dshop%26whid%3D11442364
[09 March 2024 14:33:21] - src.scrapper - INFO - Scroll page 10 times
[09 March 2024 14:33:51] - Main - ERROR - Index(...) must be called with a collection of some kind, 0 was passed
[09 March 2024 14:33:51] - src.scrapper - INFO - Get data metadata from https://www.tokopedia.com/samsung/samsung-galaxy-a24-lte-8-128gb-silver-19010?extParam=src%3Dshop%26whid%3D11442364
[09 March 2024 14:33:54] - Main - ERROR - 
Traceback (most recent call last):
  File "C:\Users\ASUS\anaconda3\envs\tokped-scrapper\lib\socket.py", line 704, in readinto
    return self._sock.recv_into(b)
ConnectionResetError: [WinError 10054] An existing connection was forcibly closed by the remote host

During handling of the above exception, another exception occurred:

Traceback (most recent call last):
  File "C:\Users\ASUS\Documents\Data Science\Project\Web Scraping\tokped-scrapper\main.py", line 71, in main
    data_metadata = pd.DataFrame(scrapper.get_data_metadata(link), index = 0)
  File "C:\Users\ASUS\Documents\Data Science\Project\Web Scraping\tokped-scrapper\src\scrapper.py", line 98, in get_data_metadata
    self.driver.get(post_url)
  File "C:\Users\ASUS\anaconda3\envs\tokped-scrapper\lib\site-packages\selenium\webdriver\remote\webdriver.py", line 356, in get
    self.execute(Command.GET, {"url": url})
  File "C:\Users\ASUS\anaconda3\envs\tokped-scrapper\lib\site-packages\selenium\webdriver\remote\webdriver.py", line 345, in execute
    response = self.command_executor.execute(driver_command, params)
  File "C:\Users\ASUS\anaconda3\envs\tokped-scrapper\lib\site-packages\selenium\webdriver\remote\remote_connection.py", line 302, in execute
    return self._request(command_info[0], url, body=data)
  File "C:\Users\ASUS\anaconda3\envs\tokped-scrapper\lib\site-packages\selenium\webdriver\remote\remote_connection.py", line 322, in _request
    response = self._conn.request(method, url, body=body, headers=headers)
  File "C:\Users\ASUS\anaconda3\envs\tokped-scrapper\lib\site-packages\urllib3\_request_methods.py", line 144, in request
    return self.request_encode_body(
  File "C:\Users\ASUS\anaconda3\envs\tokped-scrapper\lib\site-packages\urllib3\_request_methods.py", line 279, in request_encode_body
    return self.urlopen(method, url, **extra_kw)
  File "C:\Users\ASUS\anaconda3\envs\tokped-scrapper\lib\site-packages\urllib3\poolmanager.py", line 444, in urlopen
    response = conn.urlopen(method, u.request_uri, **kw)
  File "C:\Users\ASUS\anaconda3\envs\tokped-scrapper\lib\site-packages\urllib3\connectionpool.py", line 793, in urlopen
    response = self._make_request(
  File "C:\Users\ASUS\anaconda3\envs\tokped-scrapper\lib\site-packages\urllib3\connectionpool.py", line 537, in _make_request
    response = conn.getresponse()
  File "C:\Users\ASUS\anaconda3\envs\tokped-scrapper\lib\site-packages\urllib3\connection.py", line 466, in getresponse
    httplib_response = super().getresponse()
  File "C:\Users\ASUS\anaconda3\envs\tokped-scrapper\lib\http\client.py", line 1377, in getresponse
    response.begin()
  File "C:\Users\ASUS\anaconda3\envs\tokped-scrapper\lib\http\client.py", line 320, in begin
    version, status, reason = self._read_status()
  File "C:\Users\ASUS\anaconda3\envs\tokped-scrapper\lib\http\client.py", line 281, in _read_status
    line = str(self.fp.readline(_MAXLINE + 1), "iso-8859-1")
  File "C:\Users\ASUS\anaconda3\envs\tokped-scrapper\lib\socket.py", line 704, in readinto
    return self._sock.recv_into(b)
KeyboardInterrupt
[09 March 2024 14:33:54] - Main - INFO - Exited after 0:01:00.955583 with status 1
[09 March 2024 14:33:54] - Main - INFO - ********************************************* FINISH *********************************************
[09 March 2024 14:34:13] - Main - INFO - ********************************************* START *********************************************
[09 March 2024 14:34:13] - src.scrapper - INFO - Create new firefox session
[09 March 2024 14:34:18] - src.scrapper - INFO - Get video post link from https://www.tokopedia.com/samsung/product?sort=11
[09 March 2024 14:34:28] - src.scrapper - INFO - Scroll page 10 times
[09 March 2024 14:34:36] - src.scrapper - INFO - Get data metadata from https://www.tokopedia.com/samsung/samsung-galaxy-buds2-onyx?extParam=src%3Dshop%26whid%3D11442364
[09 March 2024 14:34:43] - src.scrapper - INFO - Scroll page 10 times
[09 March 2024 14:35:12] - src.scrapper - INFO - Get QnA metadata for 3 pages
[09 March 2024 14:35:31] - src.scrapper - INFO - Get data metadata from https://www.tokopedia.com/samsung/samsung-galaxy-a24-lte-8-128gb-silver-19010?extParam=src%3Dshop%26whid%3D11442364
[09 March 2024 14:35:36] - src.scrapper - INFO - Scroll page 10 times
[09 March 2024 14:36:04] - src.scrapper - INFO - Get QnA metadata for 3 pages
[09 March 2024 14:36:22] - src.scrapper - INFO - Get data metadata from https://www.tokopedia.com/samsung/samsung-galaxy-buds2-pro-white?extParam=src%3Dshop%26whid%3D11442364
[09 March 2024 14:36:28] - src.scrapper - INFO - Scroll page 10 times
[09 March 2024 14:36:56] - src.scrapper - INFO - Get QnA metadata for 3 pages
[09 March 2024 14:37:12] - src.scrapper - INFO - Get data metadata from https://www.tokopedia.com/samsung/samsung-galaxy-a05s-6-128gb-black-93f2d?extParam=whid%3D11442364%26src%3Dshop
[09 March 2024 14:37:36] - src.scrapper - INFO - Scroll page 10 times
[09 March 2024 14:38:03] - src.scrapper - INFO - Get QnA metadata for 3 pages
[09 March 2024 14:38:17] - src.scrapper - INFO - Get data metadata from https://www.tokopedia.com/samsung/samsung-galaxy-watch4-fresh-40mm-gold?extParam=src%3Dshop%26whid%3D13056835
[09 March 2024 14:38:25] - src.scrapper - INFO - Scroll page 10 times
[09 March 2024 14:38:53] - src.scrapper - INFO - Get QnA metadata for 3 pages
[09 March 2024 14:39:07] - src.scrapper - INFO - Get data metadata from https://www.tokopedia.com/samsung/samsung-galaxy-a05-6-128gb-silver-61ad5?extParam=whid%3D11442364%26src%3Dshop
[09 March 2024 14:39:32] - src.scrapper - INFO - Scroll page 10 times
[09 March 2024 14:39:58] - src.scrapper - INFO - Get QnA metadata for 3 pages
[09 March 2024 14:40:10] - src.scrapper - INFO - Get data metadata from https://www.tokopedia.com/samsung/samsung-galaxy-a04s-4gb-128gb-black-3f26c?extParam=src%3Dshop%26whid%3D11442364
[09 March 2024 14:40:15] - src.scrapper - INFO - Scroll page 10 times
[09 March 2024 14:40:44] - src.scrapper - INFO - Get QnA metadata for 3 pages
[09 March 2024 14:40:56] - src.scrapper - INFO - Get data metadata from https://www.tokopedia.com/samsung/samsung-galaxy-s23-ultra-5g-12-256gb-lavender-8b75?extParam=src%3Dshop%26whid%3D11442364
[09 March 2024 14:41:04] - src.scrapper - INFO - Scroll page 10 times
[09 March 2024 14:41:29] - src.scrapper - INFO - Get QnA metadata for 3 pages
[09 March 2024 14:41:43] - src.scrapper - INFO - Get data metadata from https://www.tokopedia.com/samsung/samsung-galaxy-m34-5g-8-128gb-blue-c3e4b?extParam=src%3Dshop%26whid%3D11442364
[09 March 2024 14:41:49] - src.scrapper - INFO - Scroll page 10 times
[09 March 2024 14:42:17] - src.scrapper - INFO - Get QnA metadata for 3 pages
[09 March 2024 14:42:34] - src.scrapper - INFO - Get data metadata from https://www.tokopedia.com/samsung/samsung-galaxy-a15-lte-8-128gb-blue-f6769?extParam=src%3Dshop%26whid%3D11442364
[09 March 2024 14:42:38] - src.scrapper - INFO - Scroll page 10 times
[09 March 2024 14:43:06] - src.scrapper - INFO - Get QnA metadata for 3 pages
[09 March 2024 14:43:23] - src.scrapper - INFO - Quit Firefox session
[09 March 2024 14:43:27] - Main - ERROR - [Errno 2] No such file or directory: 'data/071541c3-eb7a-4a73-9f85-11d49f683eea/qna_metadata.csv'
Traceback (most recent call last):
  File "C:\Users\ASUS\Documents\Data Science\Project\Web Scraping\tokped-scrapper\main.py", line 94, in main
    past_qna_metadata_df = pd.read_csv(f'data/{data_id}/qna_metadata.csv')
  File "C:\Users\ASUS\anaconda3\envs\tokped-scrapper\lib\site-packages\pandas\io\parsers\readers.py", line 1024, in read_csv
    return _read(filepath_or_buffer, kwds)
  File "C:\Users\ASUS\anaconda3\envs\tokped-scrapper\lib\site-packages\pandas\io\parsers\readers.py", line 618, in _read
    parser = TextFileReader(filepath_or_buffer, **kwds)
  File "C:\Users\ASUS\anaconda3\envs\tokped-scrapper\lib\site-packages\pandas\io\parsers\readers.py", line 1618, in __init__
    self._engine = self._make_engine(f, self.engine)
  File "C:\Users\ASUS\anaconda3\envs\tokped-scrapper\lib\site-packages\pandas\io\parsers\readers.py", line 1878, in _make_engine
    self.handles = get_handle(
  File "C:\Users\ASUS\anaconda3\envs\tokped-scrapper\lib\site-packages\pandas\io\common.py", line 873, in get_handle
    handle = open(
FileNotFoundError: [Errno 2] No such file or directory: 'data/071541c3-eb7a-4a73-9f85-11d49f683eea/qna_metadata.csv'
[09 March 2024 14:43:27] - Main - INFO - Exited after 0:09:14.059351 with status 1
[09 March 2024 14:43:27] - Main - INFO - ********************************************* FINISH *********************************************
[09 March 2024 14:45:59] - Main - INFO - ********************************************* START *********************************************
[09 March 2024 14:45:59] - src.scrapper - INFO - Create new firefox session
[09 March 2024 14:46:05] - src.scrapper - INFO - Get video post link from https://www.tokopedia.com/samsung/product?sort=11
[09 March 2024 14:46:10] - src.scrapper - INFO - Scroll page 10 times
[09 March 2024 14:46:18] - src.scrapper - INFO - Get data metadata from https://www.tokopedia.com/samsung/samsung-galaxy-buds2-onyx?extParam=src%3Dshop%26whid%3D11442364
[09 March 2024 14:46:23] - src.scrapper - INFO - Scroll page 10 times
[09 March 2024 14:46:50] - src.scrapper - INFO - Get QnA metadata for 3 pages
[09 March 2024 14:47:00] - src.scrapper - INFO - Get data metadata from https://www.tokopedia.com/samsung/samsung-galaxy-a24-lte-8-128gb-silver-19010?extParam=src%3Dshop%26whid%3D11442364
[09 March 2024 14:47:08] - src.scrapper - INFO - Scroll page 10 times
[09 March 2024 14:47:34] - src.scrapper - INFO - Get QnA metadata for 3 pages
[09 March 2024 14:47:46] - src.scrapper - INFO - Get data metadata from https://www.tokopedia.com/samsung/samsung-galaxy-buds2-pro-white?extParam=src%3Dshop%26whid%3D11442364
[09 March 2024 14:47:53] - src.scrapper - INFO - Scroll page 10 times
[09 March 2024 14:48:19] - src.scrapper - INFO - Get QnA metadata for 3 pages
[09 March 2024 14:48:31] - src.scrapper - INFO - Get data metadata from https://www.tokopedia.com/samsung/samsung-galaxy-a05s-6-128gb-black-93f2d?extParam=src%3Dshop%26whid%3D11442364
[09 March 2024 14:48:37] - src.scrapper - INFO - Scroll page 10 times
[09 March 2024 14:49:02] - src.scrapper - INFO - Get QnA metadata for 3 pages
[09 March 2024 14:49:15] - src.scrapper - INFO - Get data metadata from https://www.tokopedia.com/samsung/samsung-galaxy-watch4-fresh-40mm-gold?extParam=src%3Dshop%26whid%3D13056835
[09 March 2024 14:49:21] - src.scrapper - INFO - Scroll page 10 times
[09 March 2024 14:49:46] - src.scrapper - INFO - Get QnA metadata for 3 pages
[09 March 2024 14:49:57] - src.scrapper - INFO - Get data metadata from https://www.tokopedia.com/samsung/samsung-galaxy-a05-6-128gb-silver-61ad5?extParam=src%3Dshop%26whid%3D11442364
[09 March 2024 14:50:03] - src.scrapper - INFO - Scroll page 10 times
[09 March 2024 14:50:29] - src.scrapper - INFO - Get QnA metadata for 3 pages
[09 March 2024 14:50:42] - src.scrapper - INFO - Get data metadata from https://www.tokopedia.com/samsung/samsung-galaxy-a04s-4gb-128gb-black-3f26c?extParam=src%3Dshop%26whid%3D11442364
[09 March 2024 14:50:48] - src.scrapper - INFO - Scroll page 10 times
[09 March 2024 14:51:13] - src.scrapper - INFO - Get QnA metadata for 3 pages
[09 March 2024 14:51:25] - src.scrapper - INFO - Get data metadata from https://www.tokopedia.com/samsung/samsung-galaxy-s23-ultra-5g-12-256gb-lavender-8b75?extParam=src%3Dshop%26whid%3D11442364
[09 March 2024 14:51:30] - src.scrapper - INFO - Scroll page 10 times
[09 March 2024 14:51:55] - src.scrapper - INFO - Get QnA metadata for 3 pages
[09 March 2024 14:52:09] - src.scrapper - INFO - Get data metadata from https://www.tokopedia.com/samsung/samsung-galaxy-m34-5g-8-128gb-blue-c3e4b?extParam=src%3Dshop%26whid%3D11442364
[09 March 2024 14:52:14] - src.scrapper - INFO - Scroll page 10 times
[09 March 2024 14:52:40] - src.scrapper - INFO - Get QnA metadata for 3 pages
[09 March 2024 14:52:52] - src.scrapper - INFO - Get data metadata from https://www.tokopedia.com/samsung/samsung-galaxy-a15-lte-8-128gb-blue-f6769?extParam=src%3Dshop%26whid%3D11442364
[09 March 2024 14:52:57] - src.scrapper - INFO - Scroll page 10 times
[09 March 2024 14:53:22] - src.scrapper - INFO - Get QnA metadata for 3 pages
[09 March 2024 14:53:36] - src.scrapper - INFO - Quit Firefox session
[09 March 2024 14:53:40] - Main - INFO - Exited after 0:07:41.051282 with status 0
[09 March 2024 14:53:40] - Main - INFO - ********************************************* FINISH *********************************************
[10 March 2024 17:59:25] - Main - INFO - ********************************************* START *********************************************
[10 March 2024 17:59:25] - src.scrapper - INFO - Create new firefox session
[10 March 2024 17:59:40] - src.scrapper - INFO - Get video post link from https://www.tokopedia.com/samsung/product?sort=11
[10 March 2024 17:59:48] - src.scrapper - INFO - Scroll page 10 times
[10 March 2024 17:59:55] - src.scrapper - INFO - Get data metadata from https://www.tokopedia.com/samsung/samsung-galaxy-buds2-black?extParam=src%3Dshop%26whid%3D11442364
[10 March 2024 18:00:00] - src.scrapper - INFO - Scroll page 10 times
[10 March 2024 18:00:27] - src.scrapper - INFO - Get QnA metadata for 3 pages
[10 March 2024 18:00:28] - Main - ERROR - 'TokpedScrapper' object has no attribute 'qna_id'
[10 March 2024 18:00:28] - src.scrapper - INFO - Get data metadata from https://www.tokopedia.com/samsung/samsung-galaxy-a24-lte-8-128gb-silver-19010?extParam=src%3Dshop%26whid%3D11442364
[10 March 2024 18:00:38] - src.scrapper - INFO - Scroll page 10 times
[10 March 2024 18:01:04] - src.scrapper - INFO - Get QnA metadata for 3 pages
[10 March 2024 18:01:05] - Main - ERROR - 'TokpedScrapper' object has no attribute 'qna_id'
[10 March 2024 18:01:05] - src.scrapper - INFO - Get data metadata from https://www.tokopedia.com/samsung/samsung-galaxy-buds2-pro-graphite?extParam=src%3Dshop%26whid%3D11442364
[10 March 2024 18:01:12] - src.scrapper - INFO - Scroll page 10 times
[10 March 2024 18:01:37] - src.scrapper - INFO - Get QnA metadata for 3 pages
[10 March 2024 18:01:39] - Main - ERROR - 'TokpedScrapper' object has no attribute 'qna_id'
[10 March 2024 18:01:39] - src.scrapper - INFO - Get data metadata from https://www.tokopedia.com/samsung/samsung-galaxy-a05s-6-128gb-black-93f2d?extParam=src%3Dshop%26whid%3D11442364
[10 March 2024 18:01:50] - src.scrapper - INFO - Scroll page 10 times
[10 March 2024 18:02:21] - src.scrapper - INFO - Get QnA metadata for 3 pages
[10 March 2024 18:02:23] - Main - ERROR - 'TokpedScrapper' object has no attribute 'qna_id'
[10 March 2024 18:02:23] - src.scrapper - INFO - Get data metadata from https://www.tokopedia.com/samsung/samsung-galaxy-watch4-fresh-40mm-gold?extParam=src%3Dshop%26whid%3D13056835
[10 March 2024 18:02:32] - src.scrapper - INFO - Scroll page 10 times
[10 March 2024 18:02:58] - src.scrapper - INFO - Get QnA metadata for 3 pages
[10 March 2024 18:02:59] - Main - ERROR - 'TokpedScrapper' object has no attribute 'qna_id'
[10 March 2024 18:02:59] - src.scrapper - INFO - Get data metadata from https://www.tokopedia.com/samsung/samsung-galaxy-a05-6-128gb-light-green-28f37?extParam=whid%3D11442364%26src%3Dshop
[10 March 2024 18:03:21] - src.scrapper - INFO - Scroll page 10 times
[10 March 2024 18:03:49] - src.scrapper - INFO - Get QnA metadata for 3 pages
[10 March 2024 18:03:50] - Main - ERROR - 'TokpedScrapper' object has no attribute 'qna_id'
[10 March 2024 18:03:50] - src.scrapper - INFO - Get data metadata from https://www.tokopedia.com/samsung/samsung-galaxy-a04s-4gb-128gb-black-3f26c?extParam=src%3Dshop%26whid%3D13056835
[10 March 2024 18:03:56] - src.scrapper - INFO - Scroll page 10 times
[10 March 2024 18:04:23] - src.scrapper - INFO - Get QnA metadata for 3 pages
[10 March 2024 18:04:23] - Main - ERROR - 'TokpedScrapper' object has no attribute 'qna_id'
[10 March 2024 18:04:23] - src.scrapper - INFO - Get data metadata from https://www.tokopedia.com/samsung/samsung-galaxy-a54-5g-8-128gb-awesomegraphite?extParam=src%3Dshop%26whid%3D11442364
[10 March 2024 18:04:30] - src.scrapper - INFO - Scroll page 10 times
[10 March 2024 18:04:57] - src.scrapper - INFO - Get QnA metadata for 3 pages
[10 March 2024 18:04:59] - Main - ERROR - 'TokpedScrapper' object has no attribute 'qna_id'
[10 March 2024 18:04:59] - src.scrapper - INFO - Get data metadata from https://www.tokopedia.com/samsung/samsung-galaxy-m34-5g-8-128gb-blue-c3e4b?extParam=whid%3D11442364%26src%3Dshop
[10 March 2024 18:05:05] - src.scrapper - INFO - Scroll page 10 times
[10 March 2024 18:05:32] - src.scrapper - INFO - Get QnA metadata for 3 pages
[10 March 2024 18:05:32] - Main - ERROR - 'TokpedScrapper' object has no attribute 'qna_id'
[10 March 2024 18:05:32] - src.scrapper - INFO - Get data metadata from https://www.tokopedia.com/samsung/samsung-galaxy-a15-lte-8-128gb-blue-f6769?extParam=src%3Dshop%26whid%3D11442364
[10 March 2024 18:05:38] - src.scrapper - INFO - Scroll page 10 times
[10 March 2024 18:06:05] - src.scrapper - INFO - Get QnA metadata for 3 pages
[10 March 2024 18:06:07] - Main - ERROR - 'TokpedScrapper' object has no attribute 'qna_id'
[10 March 2024 18:06:07] - src.scrapper - INFO - Get data metadata from https://www.tokopedia.com/samsung/samsung-galaxy-a54-5g-8gb-256gb-awesomelime-b965d?extParam=src%3Dshop%26whid%3D11442364
[10 March 2024 18:06:13] - src.scrapper - INFO - Scroll page 10 times
[10 March 2024 18:06:39] - src.scrapper - INFO - Get QnA metadata for 3 pages
[10 March 2024 18:06:40] - Main - ERROR - 'TokpedScrapper' object has no attribute 'qna_id'
[10 March 2024 18:06:40] - src.scrapper - INFO - Get data metadata from https://www.tokopedia.com/samsung/samsung-galaxy-a34-5g-8-256gb-awesome-lime-d1bf1?extParam=src%3Dshop%26whid%3D11442364
[10 March 2024 18:06:46] - src.scrapper - INFO - Scroll page 10 times
[10 March 2024 18:07:13] - src.scrapper - INFO - Get QnA metadata for 3 pages
[10 March 2024 18:07:14] - Main - ERROR - 'TokpedScrapper' object has no attribute 'qna_id'
[10 March 2024 18:07:14] - src.scrapper - INFO - Get data metadata from https://www.tokopedia.com/samsung/samsung-galaxy-s24-ultra-12-512gb-handphone-ai-titanium-gray?extParam=src%3Dshop%26whid%3D11442364
[10 March 2024 18:07:21] - src.scrapper - INFO - Scroll page 10 times
[10 March 2024 18:07:49] - src.scrapper - INFO - Get QnA metadata for 3 pages
[10 March 2024 18:07:53] - Main - ERROR - 'TokpedScrapper' object has no attribute 'qna_id'
[10 March 2024 18:07:53] - src.scrapper - INFO - Get data metadata from https://www.tokopedia.com/samsung/samsung-galaxy-buds-fe-white-34195?extParam=whid%3D11442364%26src%3Dshop
[10 March 2024 18:08:00] - src.scrapper - INFO - Scroll page 10 times
[10 March 2024 18:08:28] - src.scrapper - INFO - Get QnA metadata for 3 pages
[10 March 2024 18:08:30] - Main - ERROR - 'TokpedScrapper' object has no attribute 'qna_id'
[10 March 2024 18:08:30] - src.scrapper - INFO - Get data metadata from https://www.tokopedia.com/samsung/samsung-galaxy-s23-fe-8-256gb-dark-plum?extParam=src%3Dshop%26whid%3D13056835
[10 March 2024 18:08:39] - src.scrapper - INFO - Scroll page 10 times
[10 March 2024 18:09:07] - src.scrapper - INFO - Get QnA metadata for 3 pages
[10 March 2024 18:09:08] - Main - ERROR - 'TokpedScrapper' object has no attribute 'qna_id'
[10 March 2024 18:09:08] - src.scrapper - INFO - Get data metadata from https://www.tokopedia.com/samsung/samsung-galaxy-watch6-fresh-40mm-graphite-c37f?extParam=src%3Dshop%26whid%3D11442364
[10 March 2024 18:09:15] - src.scrapper - INFO - Scroll page 10 times
[10 March 2024 18:09:48] - src.scrapper - INFO - Get QnA metadata for 3 pages
[10 March 2024 18:09:50] - Main - ERROR - 'TokpedScrapper' object has no attribute 'qna_id'
[10 March 2024 18:09:50] - src.scrapper - INFO - Get data metadata from https://www.tokopedia.com/samsung/samsung-galaxy-a15-5g-8-256gb-yellow-a09df?extParam=src%3Dshop%26whid%3D11442364
[10 March 2024 18:09:58] - src.scrapper - INFO - Scroll page 10 times
[10 March 2024 18:10:25] - src.scrapper - INFO - Get QnA metadata for 3 pages
[10 March 2024 18:10:27] - Main - ERROR - 'TokpedScrapper' object has no attribute 'qna_id'
[10 March 2024 18:10:27] - src.scrapper - INFO - Get data metadata from https://www.tokopedia.com/samsung/samsung-galaxy-tab-a9-wifi-4-64gb?extParam=src%3Dshop%26whid%3D11442364
[10 March 2024 18:10:34] - src.scrapper - INFO - Scroll page 10 times
[10 March 2024 18:11:08] - src.scrapper - INFO - Get QnA metadata for 3 pages
[10 March 2024 18:11:11] - Main - ERROR - 'TokpedScrapper' object has no attribute 'qna_id'
[10 March 2024 18:11:11] - src.scrapper - INFO - Get data metadata from https://www.tokopedia.com/samsung/samsung-galaxy-z-flip5-8-512gb-smartphone-graphite?extParam=src%3Dshop%26whid%3D11442364
[10 March 2024 18:11:18] - src.scrapper - INFO - Scroll page 10 times
[10 March 2024 18:11:49] - src.scrapper - INFO - Get QnA metadata for 3 pages
[10 March 2024 18:11:50] - Main - ERROR - 'TokpedScrapper' object has no attribute 'qna_id'
[10 March 2024 18:11:50] - src.scrapper - INFO - Get data metadata from https://www.tokopedia.com/samsung/samsung-galaxy-tab-a9-8-128gb-navy-0b293?extParam=src%3Dshop%26whid%3D11442364
[10 March 2024 18:11:58] - src.scrapper - INFO - Scroll page 10 times
[10 March 2024 18:12:34] - src.scrapper - INFO - Get QnA metadata for 3 pages
[10 March 2024 18:12:36] - Main - ERROR - 'TokpedScrapper' object has no attribute 'qna_id'
[10 March 2024 18:12:36] - src.scrapper - INFO - Quit Firefox session
[10 March 2024 18:12:47] - Main - INFO - Exited after 0:13:22.246246 with status 0
[10 March 2024 18:12:47] - Main - INFO - ********************************************* FINISH *********************************************
[10 March 2024 18:57:25] - Main - INFO - ********************************************* START *********************************************
[10 March 2024 18:57:25] - src.scrapper - INFO - Create new firefox session
[10 March 2024 18:57:31] - src.scrapper - INFO - Get video post link from https://www.tokopedia.com/samsung/product?sort=11
[10 March 2024 18:57:39] - src.scrapper - INFO - Scroll page 10 times
[10 March 2024 18:57:47] - src.scrapper - INFO - Get data metadata from https://www.tokopedia.com/samsung/samsung-galaxy-buds2-black?extParam=src%3Dshop%26whid%3D11442364
[10 March 2024 18:57:51] - src.scrapper - INFO - Scroll page 10 times
[10 March 2024 18:58:17] - src.scrapper - INFO - Get QnA metadata for 3 pages
[10 March 2024 18:58:28] - src.scrapper - INFO - Get data metadata from https://www.tokopedia.com/samsung/samsung-galaxy-a24-lte-8-128gb-silver-19010?extParam=src%3Dshop%26whid%3D11442364
[10 March 2024 18:58:33] - src.scrapper - INFO - Scroll page 10 times
[10 March 2024 18:58:57] - src.scrapper - INFO - Get QnA metadata for 3 pages
[10 March 2024 18:59:08] - src.scrapper - INFO - Get data metadata from https://www.tokopedia.com/samsung/samsung-galaxy-buds2-pro-graphite?extParam=src%3Dshop%26whid%3D11442364
[10 March 2024 18:59:13] - src.scrapper - INFO - Scroll page 10 times
[10 March 2024 18:59:37] - src.scrapper - INFO - Get QnA metadata for 3 pages
[10 March 2024 18:59:47] - src.scrapper - INFO - Get data metadata from https://www.tokopedia.com/samsung/samsung-galaxy-a05s-6-128gb-black-93f2d?extParam=src%3Dshop%26whid%3D11442364
[10 March 2024 18:59:52] - src.scrapper - INFO - Scroll page 10 times
[10 March 2024 19:00:16] - src.scrapper - INFO - Get QnA metadata for 3 pages
[10 March 2024 19:00:27] - src.scrapper - INFO - Get data metadata from https://www.tokopedia.com/samsung/samsung-galaxy-watch4-fresh-40mm-gold?extParam=src%3Dshop%26whid%3D13056835
[10 March 2024 19:00:32] - src.scrapper - INFO - Scroll page 10 times
[10 March 2024 19:00:57] - src.scrapper - INFO - Get QnA metadata for 3 pages
[10 March 2024 19:01:06] - src.scrapper - INFO - Get data metadata from https://www.tokopedia.com/samsung/samsung-galaxy-a05-6-128gb-light-green-28f37?extParam=src%3Dshop%26whid%3D11442364
[10 March 2024 19:01:11] - src.scrapper - INFO - Scroll page 10 times
[10 March 2024 19:01:35] - src.scrapper - INFO - Get QnA metadata for 3 pages
[10 March 2024 19:01:46] - src.scrapper - INFO - Get data metadata from https://www.tokopedia.com/samsung/samsung-galaxy-a04s-4gb-128gb-black-3f26c?extParam=src%3Dshop%26whid%3D13056835
[10 March 2024 19:01:51] - src.scrapper - INFO - Scroll page 10 times
[10 March 2024 19:02:16] - src.scrapper - INFO - Get QnA metadata for 3 pages
[10 March 2024 19:02:26] - src.scrapper - INFO - Get data metadata from https://www.tokopedia.com/samsung/samsung-galaxy-a54-5g-8-128gb-awesomegraphite?extParam=src%3Dshop%26whid%3D11442364
[10 March 2024 19:02:31] - src.scrapper - INFO - Scroll page 10 times
[10 March 2024 19:02:55] - src.scrapper - INFO - Get QnA metadata for 3 pages
[10 March 2024 19:03:06] - src.scrapper - INFO - Get data metadata from https://www.tokopedia.com/samsung/samsung-galaxy-m34-5g-8-128gb-blue-c3e4b?extParam=src%3Dshop%26whid%3D11442364
[10 March 2024 19:03:11] - src.scrapper - INFO - Scroll page 10 times
[10 March 2024 19:03:41] - src.scrapper - INFO - Get QnA metadata for 3 pages
[10 March 2024 19:03:51] - src.scrapper - INFO - Get data metadata from https://www.tokopedia.com/samsung/samsung-galaxy-a15-lte-8-128gb-blue-f6769?extParam=src%3Dshop%26whid%3D11442364
[10 March 2024 19:03:56] - src.scrapper - INFO - Scroll page 10 times
[10 March 2024 19:04:21] - src.scrapper - INFO - Get QnA metadata for 3 pages
[10 March 2024 19:04:33] - src.scrapper - INFO - Get data metadata from https://www.tokopedia.com/samsung/samsung-galaxy-a54-5g-8gb-256gb-awesomelime-b965d?extParam=src%3Dshop%26whid%3D11442364
[10 March 2024 19:04:38] - src.scrapper - INFO - Scroll page 10 times
[10 March 2024 19:05:04] - src.scrapper - INFO - Get QnA metadata for 3 pages
[10 March 2024 19:05:18] - src.scrapper - INFO - Get data metadata from https://www.tokopedia.com/samsung/samsung-galaxy-a34-5g-8-256gb-awesome-lime-d1bf1?extParam=src%3Dshop%26whid%3D11442364
[10 March 2024 19:05:23] - src.scrapper - INFO - Scroll page 10 times
[10 March 2024 19:05:54] - src.scrapper - INFO - Get QnA metadata for 3 pages
[10 March 2024 19:06:19] - src.scrapper - INFO - Get data metadata from https://www.tokopedia.com/samsung/samsung-galaxy-s24-ultra-12-512gb-handphone-ai-titanium-gray?extParam=whid%3D11442364%26src%3Dshop
[10 March 2024 19:06:29] - src.scrapper - INFO - Scroll page 10 times
[10 March 2024 19:07:04] - src.scrapper - INFO - Get QnA metadata for 3 pages
[10 March 2024 19:07:31] - src.scrapper - INFO - Get data metadata from https://www.tokopedia.com/samsung/samsung-galaxy-buds-fe-white-34195?extParam=src%3Dshop%26whid%3D11442364
[10 March 2024 19:07:40] - src.scrapper - INFO - Scroll page 10 times
[10 March 2024 19:08:13] - src.scrapper - INFO - Get QnA metadata for 3 pages
[10 March 2024 19:08:39] - src.scrapper - INFO - Get data metadata from https://www.tokopedia.com/samsung/samsung-galaxy-s23-fe-8-256gb-dark-plum?extParam=src%3Dshop%26whid%3D13056835
[10 March 2024 19:08:51] - src.scrapper - INFO - Scroll page 10 times
[10 March 2024 19:09:27] - src.scrapper - INFO - Get QnA metadata for 3 pages
[10 March 2024 19:09:45] - src.scrapper - INFO - Get data metadata from https://www.tokopedia.com/samsung/samsung-galaxy-watch6-fresh-40mm-graphite-c37f?extParam=src%3Dshop%26whid%3D11442364
[10 March 2024 19:09:56] - src.scrapper - INFO - Scroll page 10 times
[10 March 2024 19:10:33] - src.scrapper - INFO - Get QnA metadata for 3 pages
[10 March 2024 19:10:55] - src.scrapper - INFO - Get data metadata from https://www.tokopedia.com/samsung/samsung-galaxy-a15-5g-8-256gb-yellow-a09df?extParam=src%3Dshop%26whid%3D11442364
[10 March 2024 19:11:01] - src.scrapper - INFO - Scroll page 10 times
[10 March 2024 19:11:28] - src.scrapper - INFO - Get QnA metadata for 3 pages
[10 March 2024 19:11:49] - src.scrapper - INFO - Get data metadata from https://www.tokopedia.com/samsung/samsung-galaxy-tab-a9-wifi-4-64gb?extParam=src%3Dshop%26whid%3D11442364
[10 March 2024 19:11:57] - src.scrapper - INFO - Scroll page 10 times
[10 March 2024 19:12:30] - src.scrapper - INFO - Get QnA metadata for 3 pages
[10 March 2024 19:12:37] - Main - ERROR - list index out of range
[10 March 2024 19:12:37] - src.scrapper - INFO - Get data metadata from https://www.tokopedia.com/samsung/samsung-galaxy-z-flip5-8-512gb-smartphone-graphite?extParam=src%3Dshop%26whid%3D11442364
[10 March 2024 19:12:47] - src.scrapper - INFO - Scroll page 10 times
[10 March 2024 19:13:13] - src.scrapper - INFO - Get QnA metadata for 3 pages
[10 March 2024 19:13:26] - src.scrapper - INFO - Get data metadata from https://www.tokopedia.com/samsung/samsung-galaxy-tab-a9-8-128gb-navy-0b293?extParam=src%3Dshop%26whid%3D11442364
[10 March 2024 19:13:33] - src.scrapper - INFO - Scroll page 10 times
[10 March 2024 19:14:03] - src.scrapper - INFO - Get QnA metadata for 3 pages
[10 March 2024 19:14:21] - src.scrapper - INFO - Quit Firefox session
[10 March 2024 19:14:30] - Main - INFO - Exited after 0:17:05.036229 with status 0
[10 March 2024 19:14:30] - Main - INFO - ********************************************* FINISH *********************************************
[10 March 2024 19:51:50] - Main - INFO - ********************************************* START *********************************************
[10 March 2024 19:51:50] - src.scrapper - INFO - Create new firefox session
[10 March 2024 19:51:57] - src.scrapper - INFO - Get video post link from https://www.tokopedia.com/samsung/product?sort=11
[10 March 2024 19:52:06] - src.scrapper - INFO - Scroll page 10 times
[10 March 2024 19:52:13] - src.scrapper - INFO - Get data metadata from https://www.tokopedia.com/samsung/samsung-galaxy-tab-s9-fe-wifi-6-128gb-gray?extParam=src%3Dshop%26whid%3D11442364
[10 March 2024 19:52:19] - src.scrapper - INFO - Scroll page 10 times
[10 March 2024 19:52:30] - src.scrapper - INFO - Get QnA metadata for 3 pages
[10 March 2024 19:52:30] - Main - ERROR - list index out of range
[10 March 2024 19:52:30] - src.scrapper - INFO - Get data metadata from https://www.tokopedia.com/samsung/samsung-galaxy-a54-5g-8gb-128gb-awesomeviolet-9ec93?extParam=src%3Dshop%26whid%3D11442364
[10 March 2024 19:52:36] - src.scrapper - INFO - Scroll page 10 times
[10 March 2024 19:53:00] - src.scrapper - INFO - Get QnA metadata for 3 pages
[10 March 2024 19:53:01] - Main - ERROR - list index out of range
[10 March 2024 19:53:01] - src.scrapper - INFO - Get data metadata from https://www.tokopedia.com/samsung/samsung-galaxy-s24-8-512gb-handphone-ai-onyx-black?extParam=src%3Dshop%26whid%3D11442364
[10 March 2024 19:53:06] - src.scrapper - INFO - Scroll page 10 times
[10 March 2024 19:53:30] - src.scrapper - INFO - Get QnA metadata for 3 pages
[10 March 2024 19:53:41] - src.scrapper - INFO - Get data metadata from https://www.tokopedia.com/samsung/samsung-galaxy-tab-s9-fe-6-128gb-light-green-afd07?extParam=src%3Dshop%26whid%3D11442364
[10 March 2024 19:53:47] - src.scrapper - INFO - Scroll page 10 times
[10 March 2024 19:54:11] - src.scrapper - INFO - Get QnA metadata for 3 pages
[10 March 2024 19:54:20] - src.scrapper - INFO - Get data metadata from https://www.tokopedia.com/samsung/samsung-galaxy-watch6-fresh-44mm-graphite-dff0?extParam=src%3Dshop%26whid%3D11442364
[10 March 2024 19:54:25] - src.scrapper - INFO - Scroll page 10 times
[10 March 2024 19:54:49] - src.scrapper - INFO - Get QnA metadata for 3 pages
[10 March 2024 19:54:59] - src.scrapper - INFO - Get data metadata from https://www.tokopedia.com/samsung/samsung-galaxy-a25-5g-8-128gb-black-dd6ac?extParam=src%3Dshop%26whid%3D11442364
[10 March 2024 19:55:03] - src.scrapper - INFO - Scroll page 10 times
[10 March 2024 19:55:28] - src.scrapper - INFO - Get QnA metadata for 3 pages
[10 March 2024 19:55:37] - src.scrapper - INFO - Get data metadata from https://www.tokopedia.com/samsung/samsung-galaxy-a34-5g-8gb-256gb-awesomelime-6e103?extParam=src%3Dshop%26whid%3D11442364
[10 March 2024 19:55:41] - src.scrapper - INFO - Scroll page 10 times
[10 March 2024 19:56:05] - src.scrapper - INFO - Get QnA metadata for 3 pages
[10 March 2024 19:56:06] - Main - ERROR - list index out of range
[10 March 2024 19:56:06] - src.scrapper - INFO - Get data metadata from https://www.tokopedia.com/samsung/samsung-galaxy-watch6-classic-47mm-graphite-253d?extParam=src%3Dshop%26whid%3D11442364
[10 March 2024 19:56:12] - src.scrapper - INFO - Scroll page 10 times
[10 March 2024 19:56:36] - src.scrapper - INFO - Get QnA metadata for 3 pages
[10 March 2024 19:56:46] - src.scrapper - INFO - Get data metadata from https://www.tokopedia.com/samsung/samsung-galaxy-s24-12-512gb-handphone-ai-onyx-black?extParam=src%3Dshop%26whid%3D11442364
[10 March 2024 19:56:51] - src.scrapper - INFO - Scroll page 10 times
[10 March 2024 19:57:15] - src.scrapper - INFO - Get QnA metadata for 3 pages
[10 March 2024 19:57:17] - Main - ERROR - list index out of range
[10 March 2024 19:57:17] - src.scrapper - INFO - Get data metadata from https://www.tokopedia.com/samsung/samsung-galaxy-watch6-classic-43mm-silver?extParam=whid%3D11442364%26src%3Dshop
[10 March 2024 19:57:22] - src.scrapper - INFO - Scroll page 10 times
[10 March 2024 19:57:46] - src.scrapper - INFO - Get QnA metadata for 3 pages
[10 March 2024 19:57:56] - src.scrapper - INFO - Get data metadata from https://www.tokopedia.com/samsung/samsung-galaxy-a15-lte-8-256gb-yellow-74040?extParam=src%3Dshop%26whid%3D11442364
[10 March 2024 19:58:03] - src.scrapper - INFO - Scroll page 10 times
[10 March 2024 19:58:27] - src.scrapper - INFO - Get QnA metadata for 3 pages
[10 March 2024 19:58:27] - Main - ERROR - list index out of range
[10 March 2024 19:58:27] - src.scrapper - INFO - Get data metadata from https://www.tokopedia.com/samsung/samsung-galaxy-tab-a9-wifi-4gb-64gb?extParam=src%3Dshop%26whid%3D11442364
[10 March 2024 19:58:33] - src.scrapper - INFO - Scroll page 10 times
[10 March 2024 19:58:57] - src.scrapper - INFO - Get QnA metadata for 3 pages
[10 March 2024 19:58:59] - Main - ERROR - list index out of range
[10 March 2024 19:58:59] - src.scrapper - INFO - Get data metadata from https://www.tokopedia.com/samsung/samsung-galaxy-a25-5g-8-256gb-black-53b54?extParam=src%3Dshop%26whid%3D11442364
[10 March 2024 19:59:03] - src.scrapper - INFO - Scroll page 10 times
[10 March 2024 19:59:28] - src.scrapper - INFO - Get QnA metadata for 3 pages
[10 March 2024 19:59:28] - Main - ERROR - list index out of range
[10 March 2024 19:59:28] - src.scrapper - INFO - Get data metadata from https://www.tokopedia.com/samsung/samsung-galaxy-m34-5g-8gb-128gb-blue-217cc?extParam=src%3Dshop%26whid%3D11442364
[10 March 2024 19:59:32] - src.scrapper - INFO - Scroll page 10 times
[10 March 2024 19:59:57] - src.scrapper - INFO - Get QnA metadata for 3 pages
[10 March 2024 19:59:58] - Main - ERROR - list index out of range
[10 March 2024 19:59:58] - src.scrapper - INFO - Get data metadata from https://www.tokopedia.com/samsung/samsung-galaxy-z-fold5-12-1tb-smartphone-icy-blue?extParam=src%3Dshop%26whid%3D11442364
[10 March 2024 20:00:02] - src.scrapper - INFO - Scroll page 10 times
[10 March 2024 20:00:25] - src.scrapper - INFO - Get QnA metadata for 3 pages
[10 March 2024 20:00:26] - Main - ERROR - list index out of range
[10 March 2024 20:00:26] - src.scrapper - INFO - Get data metadata from https://www.tokopedia.com/samsung/samsung-galaxy-m54-5g-8-256gb-silver-5d626?extParam=src%3Dshop%26whid%3D11442364
[10 March 2024 20:00:32] - src.scrapper - INFO - Scroll page 10 times
[10 March 2024 20:00:56] - src.scrapper - INFO - Get QnA metadata for 3 pages
[10 March 2024 20:01:06] - src.scrapper - INFO - Get data metadata from https://www.tokopedia.com/samsung/samsung-32-inch-hd-smart-tv-t4501-dengan-purcolor?extParam=src%3Dshop%26whid%3D11442364
[10 March 2024 20:01:11] - src.scrapper - INFO - Scroll page 10 times
[10 March 2024 20:01:21] - Main - ERROR - Message: Unable to locate element: /html/body/div[1]/div/div[2]/div[2]/div[6]/div[2]/div[2]/ul; For documentation on this error, please visit: https://www.selenium.dev/documentation/webdriver/troubleshooting/errors#no-such-element-exception
Stacktrace:
RemoteError@chrome://remote/content/shared/RemoteError.sys.mjs:8:8
WebDriverError@chrome://remote/content/shared/webdriver/Errors.sys.mjs:191:5
NoSuchElementError@chrome://remote/content/shared/webdriver/Errors.sys.mjs:509:5
dom.find/</<@chrome://remote/content/shared/DOM.sys.mjs:136:16

[10 March 2024 20:01:21] - src.scrapper - INFO - Get data metadata from https://www.tokopedia.com/samsung/samsung-galaxy-z-flip5-8-256gb-cream?extParam=src%3Dshop%26whid%3D11442364
[10 March 2024 20:01:25] - src.scrapper - INFO - Scroll page 10 times
[10 March 2024 20:01:50] - src.scrapper - INFO - Get QnA metadata for 3 pages
[10 March 2024 20:01:50] - Main - ERROR - list index out of range
[10 March 2024 20:01:50] - src.scrapper - INFO - Get data metadata from https://www.tokopedia.com/samsung/samsung-smart-tv-43-inch-uhd-4k-au7002-dengan-purcolor?extParam=src%3Dshop%26whid%3D11442364
[10 March 2024 20:01:55] - src.scrapper - INFO - Scroll page 10 times
[10 March 2024 20:02:19] - src.scrapper - INFO - Get QnA metadata for 3 pages
[10 March 2024 20:02:20] - Main - ERROR - list index out of range
[10 March 2024 20:02:20] - src.scrapper - INFO - Get data metadata from https://www.tokopedia.com/samsung/samsung-galaxy-tab-s9-fe-wifi-8-128gb?extParam=src%3Dshop%26whid%3D11442364
[10 March 2024 20:02:25] - src.scrapper - INFO - Scroll page 10 times
[10 March 2024 20:02:50] - src.scrapper - INFO - Get QnA metadata for 3 pages
[10 March 2024 20:02:51] - Main - ERROR - list index out of range
[10 March 2024 20:02:51] - src.scrapper - INFO - Quit Firefox session
[10 March 2024 20:02:54] - Main - INFO - Exited after 0:11:03.888186 with status 0
[10 March 2024 20:02:54] - Main - INFO - ********************************************* FINISH *********************************************
[11 March 2024 09:17:47] - Main - INFO - ********************************************* START *********************************************
[11 March 2024 09:17:47] - src.scrapper - INFO - Create new firefox session
[11 March 2024 09:17:58] - src.scrapper - INFO - Get video post link from https://www.tokopedia.com/samsung/product?sort=11
[11 March 2024 09:18:10] - src.scrapper - INFO - Scroll page 10 times
[11 March 2024 09:18:19] - src.scrapper - INFO - Get data metadata from https://www.tokopedia.com/samsung/samsung-galaxy-tab-a9-8-128gb-navy-0b293?extParam=src%3Dshop%26whid%3D11442364
[11 March 2024 09:18:23] - src.scrapper - INFO - Scroll page 10 times
[11 March 2024 09:18:48] - src.scrapper - INFO - Get QnA metadata for 3 pages
[11 March 2024 09:19:01] - src.scrapper - INFO - Get data metadata from https://www.tokopedia.com/samsung/samsung-galaxy-tab-a9-4-64gb?extParam=src%3Dshop%26whid%3D11442364
[11 March 2024 09:19:05] - src.scrapper - INFO - Scroll page 10 times
[11 March 2024 09:19:18] - src.scrapper - INFO - Get QnA metadata for 3 pages
[11 March 2024 09:19:21] - src.scrapper - INFO - Get data metadata from https://www.tokopedia.com/samsung/samsung-galaxy-tab-s9-fe-wifi-6-128gb-gray?extParam=src%3Dshop%26whid%3D11442364
[11 March 2024 09:19:26] - src.scrapper - INFO - Scroll page 10 times
[11 March 2024 09:19:50] - src.scrapper - INFO - Get QnA metadata for 3 pages
[11 March 2024 09:19:51] - src.scrapper - INFO - Get data metadata from https://www.tokopedia.com/samsung/samsung-galaxy-a54-5g-8gb-128gb-awesomegraphite-fec22?extParam=src%3Dshop%26whid%3D11442364
[11 March 2024 09:19:56] - src.scrapper - INFO - Scroll page 10 times
[11 March 2024 09:20:22] - src.scrapper - INFO - Get QnA metadata for 3 pages
[11 March 2024 09:20:23] - src.scrapper - INFO - Get data metadata from https://www.tokopedia.com/samsung/samsung-galaxy-s24-8-512gb-handphone-ai-onyx-black?extParam=src%3Dshop%26whid%3D11442364
[11 March 2024 09:20:29] - src.scrapper - INFO - Scroll page 10 times
[11 March 2024 09:20:53] - src.scrapper - INFO - Get QnA metadata for 3 pages
[11 March 2024 09:21:05] - src.scrapper - INFO - Get data metadata from https://www.tokopedia.com/samsung/samsung-galaxy-tab-s9-fe-6-128gb-light-green-afd07?extParam=src%3Dshop%26whid%3D11442364
[11 March 2024 09:21:09] - src.scrapper - INFO - Scroll page 10 times
[11 March 2024 09:21:34] - src.scrapper - INFO - Get QnA metadata for 3 pages
[11 March 2024 09:21:43] - src.scrapper - INFO - Get data metadata from https://www.tokopedia.com/samsung/samsung-galaxy-watch6-fresh-44mm-silver-ef03?extParam=src%3Dshop%26whid%3D11442364
[11 March 2024 09:21:49] - src.scrapper - INFO - Scroll page 10 times
[11 March 2024 09:22:13] - src.scrapper - INFO - Get QnA metadata for 3 pages
[11 March 2024 09:22:23] - src.scrapper - INFO - Get data metadata from https://www.tokopedia.com/samsung/samsung-galaxy-a25-5g-8-128gb-black-dd6ac?extParam=src%3Dshop%26whid%3D11442364
[11 March 2024 09:22:28] - src.scrapper - INFO - Scroll page 10 times
[11 March 2024 09:22:52] - src.scrapper - INFO - Get QnA metadata for 3 pages
[11 March 2024 09:23:01] - src.scrapper - INFO - Get data metadata from https://www.tokopedia.com/samsung/samsung-galaxy-watch6-classic-47mm-graphite-253d?extParam=src%3Dshop%26whid%3D11442364
[11 March 2024 09:23:05] - src.scrapper - INFO - Scroll page 10 times
[11 March 2024 09:23:30] - src.scrapper - INFO - Get QnA metadata for 3 pages
[11 March 2024 09:23:40] - src.scrapper - INFO - Get data metadata from https://www.tokopedia.com/samsung/samsung-galaxy-s24-12-512gb-handphone-ai-onyx-black?extParam=src%3Dshop%26whid%3D11442364
[11 March 2024 09:23:45] - src.scrapper - INFO - Scroll page 10 times
[11 March 2024 09:24:09] - src.scrapper - INFO - Get QnA metadata for 3 pages
[11 March 2024 09:24:10] - src.scrapper - INFO - Get data metadata from https://www.tokopedia.com/samsung/samsung-galaxy-watch6-classic-43mm-graphite?extParam=src%3Dshop%26whid%3D11442364
[11 March 2024 09:24:15] - src.scrapper - INFO - Scroll page 10 times
[11 March 2024 09:24:39] - src.scrapper - INFO - Get QnA metadata for 3 pages
[11 March 2024 09:24:49] - src.scrapper - INFO - Get data metadata from https://www.tokopedia.com/samsung/samsung-galaxy-a15-lte-8-256gb-yellow-74040?extParam=src%3Dshop%26whid%3D11442364
[11 March 2024 09:24:54] - src.scrapper - INFO - Scroll page 10 times
[11 March 2024 09:25:18] - src.scrapper - INFO - Get QnA metadata for 3 pages
[11 March 2024 09:25:18] - src.scrapper - INFO - Get data metadata from https://www.tokopedia.com/samsung/samsung-galaxy-tab-a9-wifi-4gb-64gb?extParam=whid%3D11442364%26src%3Dshop
[11 March 2024 09:25:23] - src.scrapper - INFO - Scroll page 10 times
[11 March 2024 09:25:47] - src.scrapper - INFO - Get QnA metadata for 3 pages
[11 March 2024 09:25:48] - src.scrapper - INFO - Get data metadata from https://www.tokopedia.com/samsung/samsung-galaxy-a25-5g-8-256gb-black-53b54?extParam=whid%3D11442364%26src%3Dshop
[11 March 2024 09:25:53] - src.scrapper - INFO - Scroll page 10 times
[11 March 2024 09:26:17] - src.scrapper - INFO - Get QnA metadata for 3 pages
[11 March 2024 09:26:18] - src.scrapper - INFO - Get data metadata from https://www.tokopedia.com/samsung/samsung-galaxy-m34-5g-8gb-128gb-blue-217cc?extParam=src%3Dshop%26whid%3D11442364
[11 March 2024 09:26:22] - src.scrapper - INFO - Scroll page 10 times
[11 March 2024 09:26:47] - src.scrapper - INFO - Get QnA metadata for 3 pages
[11 March 2024 09:26:48] - src.scrapper - INFO - Get data metadata from https://www.tokopedia.com/samsung/samsung-galaxy-z-fold5-12-1tb-smartphone-icy-blue?extParam=src%3Dshop%26whid%3D11442364
[11 March 2024 09:26:52] - src.scrapper - INFO - Scroll page 10 times
[11 March 2024 09:27:15] - src.scrapper - INFO - Get QnA metadata for 3 pages
[11 March 2024 09:27:16] - src.scrapper - INFO - Get data metadata from https://www.tokopedia.com/samsung/samsung-galaxy-m54-5g-8-256gb-silver-5d626?extParam=src%3Dshop%26whid%3D11442364
[11 March 2024 09:27:21] - src.scrapper - INFO - Scroll page 10 times
[11 March 2024 09:27:45] - src.scrapper - INFO - Get QnA metadata for 3 pages
[11 March 2024 09:27:55] - src.scrapper - INFO - Get data metadata from https://www.tokopedia.com/samsung/samsung-32-inch-hd-smart-tv-t4501-dengan-purcolor?extParam=src%3Dshop%26whid%3D11442364
[11 March 2024 09:28:00] - src.scrapper - INFO - Scroll page 10 times
[11 March 2024 09:28:10] - Main - ERROR - Message: Unable to locate element: /html/body/div[1]/div/div[2]/div[2]/div[6]/div[2]/div[2]/ul; For documentation on this error, please visit: https://www.selenium.dev/documentation/webdriver/troubleshooting/errors#no-such-element-exception
Stacktrace:
RemoteError@chrome://remote/content/shared/RemoteError.sys.mjs:8:8
WebDriverError@chrome://remote/content/shared/webdriver/Errors.sys.mjs:191:5
NoSuchElementError@chrome://remote/content/shared/webdriver/Errors.sys.mjs:509:5
dom.find/</<@chrome://remote/content/shared/DOM.sys.mjs:136:16

[11 March 2024 09:28:10] - src.scrapper - INFO - Get data metadata from https://www.tokopedia.com/samsung/samsung-galaxy-z-flip5-8-256gb-cream?extParam=src%3Dshop%26whid%3D11442364
[11 March 2024 09:28:15] - src.scrapper - INFO - Scroll page 10 times
[11 March 2024 09:28:38] - src.scrapper - INFO - Get QnA metadata for 3 pages
[11 March 2024 09:28:39] - src.scrapper - INFO - Get data metadata from https://www.tokopedia.com/samsung/samsung-smart-tv-43-inch-uhd-4k-au7002-dengan-purcolor?extParam=src%3Dshop%26whid%3D11442364
[11 March 2024 09:28:43] - src.scrapper - INFO - Scroll page 10 times
[11 March 2024 09:29:08] - src.scrapper - INFO - Get QnA metadata for 3 pages
[11 March 2024 09:29:09] - src.scrapper - INFO - Quit Firefox session
[11 March 2024 09:29:12] - Main - INFO - Exited after 0:11:25.123139 with status 0
[11 March 2024 09:29:12] - Main - INFO - ********************************************* FINISH *********************************************
[11 March 2024 09:37:10] - Main - INFO - ********************************************* START *********************************************
[11 March 2024 09:37:10] - src.scrapper - INFO - Create new firefox session
[11 March 2024 09:37:16] - src.scrapper - INFO - Get video post link from https://www.tokopedia.com/samsung/product?sort=11
[11 March 2024 09:37:23] - src.scrapper - INFO - Scroll page 10 times
[11 March 2024 09:37:31] - src.scrapper - INFO - Get data metadata from https://www.tokopedia.com/samsung/samsung-galaxy-tab-s9-fe-wifi-8-128gb?extParam=src%3Dshop%26whid%3D11442364
[11 March 2024 09:37:35] - src.scrapper - INFO - Scroll page 10 times
[11 March 2024 09:38:00] - src.scrapper - INFO - Get QnA metadata for 3 pages
[11 March 2024 09:38:01] - src.scrapper - INFO - Get data metadata from https://www.tokopedia.com/samsung/samsung-galaxy-tab-s9-fe-12-256gb-light-green-48895?extParam=src%3Dshop%26whid%3D11442364
[11 March 2024 09:38:06] - src.scrapper - INFO - Scroll page 10 times
[11 March 2024 09:38:30] - src.scrapper - INFO - Get QnA metadata for 3 pages
[11 March 2024 09:38:41] - src.scrapper - INFO - Get data metadata from https://www.tokopedia.com/samsung/samsung-galaxy-s24-ultra-silicone-case-light-green-3a12e?extParam=src%3Dshop%26whid%3D11442364
[11 March 2024 09:38:46] - src.scrapper - INFO - Scroll page 10 times
[11 March 2024 09:39:08] - src.scrapper - INFO - Get QnA metadata for 3 pages
[11 March 2024 09:39:08] - src.scrapper - INFO - Get data metadata from https://www.tokopedia.com/samsung/samsung-galaxy-a24-lte-8gb-128gb-silver-8bcf5?extParam=src%3Dshop%26whid%3D11442364
[11 March 2024 09:39:13] - src.scrapper - INFO - Scroll page 10 times
[11 March 2024 09:39:34] - src.scrapper - INFO - Get QnA metadata for 3 pages
[11 March 2024 09:39:35] - src.scrapper - INFO - Get data metadata from https://www.tokopedia.com/samsung/samsung-galaxy-tab-s9-wifi-8-128gb-gray?extParam=src%3Dshop%26whid%3D11442364
[11 March 2024 09:39:41] - src.scrapper - INFO - Scroll page 10 times
[11 March 2024 09:40:06] - src.scrapper - INFO - Get QnA metadata for 3 pages
[11 March 2024 09:40:07] - src.scrapper - INFO - Get data metadata from https://www.tokopedia.com/samsung/samsung-galaxy-s24-plus-silicone-case-light-green-c84fd?extParam=whid%3D11442364%26src%3Dshop
[11 March 2024 09:40:11] - src.scrapper - INFO - Scroll page 10 times
[11 March 2024 09:40:33] - src.scrapper - INFO - Get QnA metadata for 3 pages
[11 March 2024 09:40:33] - src.scrapper - INFO - Get data metadata from https://www.tokopedia.com/samsung/samsung-galaxy-s24-silicone-case-light-green-84098?extParam=src%3Dshop%26whid%3D11442364
[11 March 2024 09:40:38] - src.scrapper - INFO - Scroll page 10 times
[11 March 2024 09:40:59] - src.scrapper - INFO - Get QnA metadata for 3 pages
[11 March 2024 09:40:59] - src.scrapper - INFO - Get data metadata from https://www.tokopedia.com/samsung/samsung-galaxy-s24-standing-grip-case-taupe-a52be?extParam=src%3Dshop%26whid%3D11442364
[11 March 2024 09:41:05] - src.scrapper - INFO - Scroll page 10 times
[11 March 2024 09:41:26] - src.scrapper - INFO - Get QnA metadata for 3 pages
[11 March 2024 09:41:26] - src.scrapper - INFO - Get data metadata from https://www.tokopedia.com/samsung/samsung-smart-tv-50-inch-qled-4k-q63c-qa50q63cakxxd?extParam=src%3Dshop%26whid%3D11442364
[11 March 2024 09:41:31] - src.scrapper - INFO - Scroll page 10 times
[11 March 2024 09:41:52] - src.scrapper - INFO - Get QnA metadata for 3 pages
[11 March 2024 09:41:52] - src.scrapper - INFO - Get data metadata from https://www.tokopedia.com/samsung/samsung-galaxy-s24-plus-clear-gadget-case-transparent?extParam=whid%3D11442364%26src%3Dshop
[11 March 2024 09:41:58] - src.scrapper - INFO - Scroll page 10 times
[11 March 2024 09:42:19] - src.scrapper - INFO - Get QnA metadata for 3 pages
[11 March 2024 09:42:19] - src.scrapper - INFO - Get data metadata from https://www.tokopedia.com/samsung/samsung-galaxy-tab-s9-8-128gb-gray?extParam=src%3Dshop%26whid%3D11442364
[11 March 2024 09:42:24] - src.scrapper - INFO - Scroll page 10 times
[11 March 2024 09:42:47] - src.scrapper - INFO - Get QnA metadata for 3 pages
[11 March 2024 09:42:57] - src.scrapper - INFO - Get data metadata from https://www.tokopedia.com/samsung/samsung-mesin-cuci-wt75-twin-tub-dengan-dynamic-pulsator-7-5kg?extParam=src%3Dshop%26whid%3D11442364
[11 March 2024 09:43:02] - src.scrapper - INFO - Scroll page 10 times
[11 March 2024 09:43:22] - src.scrapper - INFO - Get QnA metadata for 3 pages
[11 March 2024 09:43:22] - src.scrapper - INFO - Get data metadata from https://www.tokopedia.com/samsung/samsung-galaxy-s24-smart-view-wallet-case-white-ee612?extParam=whid%3D11442364%26src%3Dshop
[11 March 2024 09:43:27] - src.scrapper - INFO - Scroll page 10 times
[11 March 2024 09:43:48] - src.scrapper - INFO - Get QnA metadata for 3 pages
[11 March 2024 09:43:48] - src.scrapper - INFO - Get data metadata from https://www.tokopedia.com/samsung/samsung-galaxy-tab-s9-ultra-5g-12-256gb-gray?extParam=src%3Dshop%26whid%3D11442364
[11 March 2024 09:43:53] - src.scrapper - INFO - Scroll page 10 times
[11 March 2024 09:44:15] - src.scrapper - INFO - Get QnA metadata for 3 pages
[11 March 2024 09:44:15] - src.scrapper - INFO - Get data metadata from https://www.tokopedia.com/samsung/samsung-galaxy-tab-s9-5g-12-256gb-gray?extParam=src%3Dshop%26whid%3D11442364
[11 March 2024 09:44:20] - src.scrapper - INFO - Scroll page 10 times
[11 March 2024 09:44:42] - src.scrapper - INFO - Get QnA metadata for 3 pages
[11 March 2024 09:44:42] - src.scrapper - INFO - Get data metadata from https://www.tokopedia.com/samsung/samsung-galaxy-s24-clear-gadget-case-transparent?extParam=src%3Dshop%26whid%3D11442364
[11 March 2024 09:44:47] - src.scrapper - INFO - Scroll page 10 times
[11 March 2024 09:45:07] - src.scrapper - INFO - Get QnA metadata for 3 pages
[11 March 2024 09:45:07] - src.scrapper - INFO - Get data metadata from https://www.tokopedia.com/samsung/samsung-mesin-cuci-top-load-inverter-ecobubble-15-kg-wa15cg5745byse?extParam=whid%3D11442364%26src%3Dshop
[11 March 2024 09:45:12] - src.scrapper - INFO - Scroll page 10 times
[11 March 2024 09:45:31] - src.scrapper - INFO - Get QnA metadata for 3 pages
[11 March 2024 09:45:31] - src.scrapper - INFO - Get data metadata from https://www.tokopedia.com/samsung/samsung-galaxy-z-fold5-12-256gb-phantom-black?extParam=whid%3D11442364%26src%3Dshop
[11 March 2024 09:45:36] - src.scrapper - INFO - Scroll page 10 times
[11 March 2024 09:45:56] - src.scrapper - INFO - Get QnA metadata for 3 pages
[11 March 2024 09:45:56] - src.scrapper - INFO - Get data metadata from https://www.tokopedia.com/samsung/samsung-mesin-cuci-front-loading-quick-wash-7kg-ww70t3020ww?extParam=src%3Dshop%26whid%3D11442364
[11 March 2024 09:46:01] - src.scrapper - INFO - Scroll page 10 times
[11 March 2024 09:46:21] - src.scrapper - INFO - Get QnA metadata for 3 pages
[11 March 2024 09:46:21] - src.scrapper - INFO - Get data metadata from https://www.tokopedia.com/samsung/samsung-galaxy-s24-suit-case-white-bc3e5?extParam=src%3Dshop%26whid%3D11442364
[11 March 2024 09:46:47] - src.scrapper - INFO - Scroll page 10 times
[11 March 2024 09:47:07] - src.scrapper - INFO - Get QnA metadata for 3 pages
[11 March 2024 09:47:07] - src.scrapper - INFO - Get data metadata from https://www.tokopedia.com/samsung/samsung-galaxy-s24-12-256gb-handphone-ai-onyx-black-e42d3?extParam=whid%3D11442364%26src%3Dshop
[11 March 2024 09:47:12] - src.scrapper - INFO - Scroll page 10 times
[11 March 2024 09:47:33] - src.scrapper - INFO - Get QnA metadata for 3 pages
[11 March 2024 09:47:33] - src.scrapper - INFO - Get data metadata from https://www.tokopedia.com/samsung/samsung-mesin-cuci-top-load-inverter-ecobubble-12kg-wa12cg5745bdse?extParam=src%3Dshop%26whid%3D11442364
[11 March 2024 09:47:38] - src.scrapper - INFO - Scroll page 10 times
[11 March 2024 09:47:58] - src.scrapper - INFO - Get QnA metadata for 3 pages
[11 March 2024 09:47:58] - src.scrapper - INFO - Get data metadata from https://www.tokopedia.com/samsung/samsung-mesin-cuci-top-load-inverter-ecobubble-9kg-wa90cg4545byse?extParam=src%3Dshop%26whid%3D11442364
[11 March 2024 09:48:03] - src.scrapper - INFO - Scroll page 10 times
[11 March 2024 09:48:23] - src.scrapper - INFO - Get QnA metadata for 3 pages
[11 March 2024 09:48:24] - src.scrapper - INFO - Get data metadata from https://www.tokopedia.com/samsung/samsung-mesin-cuci-wt85-twintub-w-dynamic-pulsator-8-5kg-wt85h3210mg?extParam=whid%3D11442364%26src%3Dshop
[11 March 2024 09:48:29] - src.scrapper - INFO - Scroll page 10 times
[11 March 2024 09:48:34] - Main - ERROR - Message: Unable to locate element: /html/body/div[1]/div/div[2]/div[2]/div[4]/div/div[1]/div/p[2]/span[1]/span[2]; For documentation on this error, please visit: https://www.selenium.dev/documentation/webdriver/troubleshooting/errors#no-such-element-exception
Stacktrace:
RemoteError@chrome://remote/content/shared/RemoteError.sys.mjs:8:8
WebDriverError@chrome://remote/content/shared/webdriver/Errors.sys.mjs:191:5
NoSuchElementError@chrome://remote/content/shared/webdriver/Errors.sys.mjs:509:5
dom.find/</<@chrome://remote/content/shared/DOM.sys.mjs:136:16

[11 March 2024 09:48:34] - src.scrapper - INFO - Get data metadata from https://www.tokopedia.com/samsung/samsung-galaxy-s24-ultra-12-256gb-handphone-ai-titanium-black-50106?extParam=src%3Dshop%26whid%3D11442364
[11 March 2024 09:48:39] - src.scrapper - INFO - Scroll page 10 times
[11 March 2024 09:48:45] - Main - ERROR - Message: Unable to locate element: /html/body/div[1]/div/div[2]/div[2]/div[4]/div/div[1]/div/p[2]/span[1]/span[2]; For documentation on this error, please visit: https://www.selenium.dev/documentation/webdriver/troubleshooting/errors#no-such-element-exception
Stacktrace:
RemoteError@chrome://remote/content/shared/RemoteError.sys.mjs:8:8
WebDriverError@chrome://remote/content/shared/webdriver/Errors.sys.mjs:191:5
NoSuchElementError@chrome://remote/content/shared/webdriver/Errors.sys.mjs:509:5
dom.find/</<@chrome://remote/content/shared/DOM.sys.mjs:136:16

[11 March 2024 09:48:45] - src.scrapper - INFO - Get data metadata from https://www.tokopedia.com/samsung/samsung-lifestyle-smart-tv-the-serif-50-inch-ls01b-qled-4k-qa50ls01bbk?extParam=src%3Dshop%26whid%3D11442364
[11 March 2024 09:48:50] - src.scrapper - INFO - Scroll page 10 times
[11 March 2024 09:48:56] - Main - ERROR - Message: Unable to locate element: /html/body/div[1]/div/div[2]/div[2]/div[4]/div/div[1]/div/p[2]/span[1]/span[2]; For documentation on this error, please visit: https://www.selenium.dev/documentation/webdriver/troubleshooting/errors#no-such-element-exception
Stacktrace:
RemoteError@chrome://remote/content/shared/RemoteError.sys.mjs:8:8
WebDriverError@chrome://remote/content/shared/webdriver/Errors.sys.mjs:191:5
NoSuchElementError@chrome://remote/content/shared/webdriver/Errors.sys.mjs:509:5
dom.find/</<@chrome://remote/content/shared/DOM.sys.mjs:136:16

[11 March 2024 09:48:56] - src.scrapper - INFO - Get data metadata from https://www.tokopedia.com/samsung/samsung-tv-32-inch-hd-t4001-dengan-wide-colour-enhancer?extParam=src%3Dshop%26whid%3D11442364
[11 March 2024 09:49:01] - src.scrapper - INFO - Scroll page 10 times
[11 March 2024 09:49:06] - Main - ERROR - Message: Unable to locate element: /html/body/div[1]/div/div[2]/div[2]/div[4]/div/div[1]/div/p[2]/span[1]/span[2]; For documentation on this error, please visit: https://www.selenium.dev/documentation/webdriver/troubleshooting/errors#no-such-element-exception
Stacktrace:
RemoteError@chrome://remote/content/shared/RemoteError.sys.mjs:8:8
WebDriverError@chrome://remote/content/shared/webdriver/Errors.sys.mjs:191:5
NoSuchElementError@chrome://remote/content/shared/webdriver/Errors.sys.mjs:509:5
dom.find/</<@chrome://remote/content/shared/DOM.sys.mjs:136:16

[11 March 2024 09:49:06] - src.scrapper - INFO - Get data metadata from https://www.tokopedia.com/samsung/travel-adapter-25w-without-cable-free-gift-tidak-untuk-dijual?extParam=src%3Dshop%26whid%3D13056835
[11 March 2024 09:49:11] - src.scrapper - INFO - Scroll page 10 times
[11 March 2024 09:49:18] - Main - ERROR - Message: Unable to locate element: /html/body/div[1]/div/div[2]/div[2]/div[4]/div/div[1]/div/p[2]/span[1]/span[2]; For documentation on this error, please visit: https://www.selenium.dev/documentation/webdriver/troubleshooting/errors#no-such-element-exception
Stacktrace:
RemoteError@chrome://remote/content/shared/RemoteError.sys.mjs:8:8
WebDriverError@chrome://remote/content/shared/webdriver/Errors.sys.mjs:191:5
NoSuchElementError@chrome://remote/content/shared/webdriver/Errors.sys.mjs:509:5
dom.find/</<@chrome://remote/content/shared/DOM.sys.mjs:136:16

[11 March 2024 09:49:18] - src.scrapper - INFO - Get data metadata from https://www.tokopedia.com/samsung/samsung-galaxy-a04e-3-32gb?extParam=src%3Dshop
[11 March 2024 09:49:23] - src.scrapper - INFO - Scroll page 10 times
[11 March 2024 09:49:47] - src.scrapper - INFO - Get QnA metadata for 3 pages
[11 March 2024 09:49:59] - src.scrapper - INFO - Get data metadata from https://www.tokopedia.com/samsung/samsung-galaxy-m14-5g-6-128gb?extParam=src%3Dshop
[11 March 2024 09:50:03] - src.scrapper - INFO - Scroll page 10 times
[11 March 2024 09:50:28] - src.scrapper - INFO - Get QnA metadata for 3 pages
[11 March 2024 09:50:40] - src.scrapper - INFO - Get data metadata from https://www.tokopedia.com/samsung/samsung-galaxy-a14-5g-6-128gb?extParam=src%3Dshop
[11 March 2024 09:50:45] - src.scrapper - INFO - Scroll page 10 times
[11 March 2024 09:51:10] - src.scrapper - INFO - Get QnA metadata for 3 pages
[11 March 2024 09:51:20] - src.scrapper - INFO - Get data metadata from https://www.tokopedia.com/samsung/samsung-galaxy-a04-4-64gb-lte?extParam=src%3Dshop
[11 March 2024 09:51:24] - src.scrapper - INFO - Scroll page 10 times
[11 March 2024 09:51:48] - src.scrapper - INFO - Get QnA metadata for 3 pages
[11 March 2024 09:51:59] - src.scrapper - INFO - Get data metadata from https://www.tokopedia.com/samsung/samsung-galaxy-a05-4-64gb?extParam=src%3Dshop
[11 March 2024 09:52:03] - src.scrapper - INFO - Scroll page 10 times
[11 March 2024 09:52:28] - src.scrapper - INFO - Get QnA metadata for 3 pages
[11 March 2024 09:52:39] - src.scrapper - INFO - Get data metadata from https://www.tokopedia.com/samsung/samsung-galaxy-tab-a7-lite-3gb-32gb?extParam=src%3Dshop
[11 March 2024 09:52:44] - src.scrapper - INFO - Scroll page 10 times
[11 March 2024 09:53:08] - src.scrapper - INFO - Get QnA metadata for 3 pages
[11 March 2024 09:53:18] - src.scrapper - INFO - Get data metadata from https://www.tokopedia.com/samsung/samsung-galaxy-m14-5g-4-128gb?extParam=src%3Dshop
[11 March 2024 09:53:23] - src.scrapper - INFO - Scroll page 10 times
[11 March 2024 09:53:48] - src.scrapper - INFO - Get QnA metadata for 3 pages
[11 March 2024 09:53:58] - src.scrapper - INFO - Get data metadata from https://www.tokopedia.com/samsung/samsung-galaxy-a14-lte-6-128gb?extParam=src%3Dshop
[11 March 2024 09:54:03] - src.scrapper - INFO - Scroll page 10 times
[11 March 2024 09:54:27] - src.scrapper - INFO - Get QnA metadata for 3 pages
[11 March 2024 09:54:38] - src.scrapper - INFO - Get data metadata from https://www.tokopedia.com/samsung/samsung-galaxy-a03-4-64gb?extParam=src%3Dshop
[11 March 2024 09:54:42] - src.scrapper - INFO - Scroll page 10 times
[11 March 2024 09:55:07] - src.scrapper - INFO - Get QnA metadata for 3 pages
[11 March 2024 09:55:18] - src.scrapper - INFO - Get data metadata from https://www.tokopedia.com/samsung/samsung-galaxy-a03-core-2-32gb?extParam=src%3Dshop
[11 March 2024 09:55:24] - src.scrapper - INFO - Scroll page 10 times
[11 March 2024 09:55:48] - src.scrapper - INFO - Get QnA metadata for 3 pages
[11 March 2024 09:55:58] - src.scrapper - INFO - Get data metadata from https://www.tokopedia.com/samsung/samsung-galaxy-s21-fe-5g-8-256gb?extParam=src%3Dshop
[11 March 2024 09:56:22] - src.scrapper - INFO - Scroll page 10 times
[11 March 2024 09:56:46] - src.scrapper - INFO - Get QnA metadata for 3 pages
[11 March 2024 09:56:58] - src.scrapper - INFO - Get data metadata from https://www.tokopedia.com/samsung/samsung-galaxy-a03s-4-64gb?extParam=src%3Dshop
[11 March 2024 09:57:12] - src.scrapper - INFO - Scroll page 10 times
[11 March 2024 09:57:36] - src.scrapper - INFO - Get QnA metadata for 3 pages
[11 March 2024 09:57:47] - src.scrapper - INFO - Quit Firefox session
[11 March 2024 09:57:52] - Main - INFO - Exited after 0:20:41.718752 with status 0
[11 March 2024 09:57:52] - Main - INFO - ********************************************* FINISH *********************************************
